<?xml version="1.0" encoding="UTF-8"?>
<testng-results ignored="0" total="1" passed="1" failed="0" skipped="0">
  <reporter-output>
  </reporter-output>
  <suite started-at="2023-08-14T12:43:37 EET" name="Default suite" finished-at="2023-08-14T12:43:39 EET" duration-ms="1807">
    <groups>
    </groups>
    <test started-at="2023-08-14T12:43:37 EET" name="Default test" finished-at="2023-08-14T12:43:39 EET" duration-ms="1807">
      <class name="tests.GetAndPostExamples">
        <test-method signature="testPost()[pri:0, instance:tests.GetAndPostExamples@4f18837a]" started-at="2023-08-14T12:43:37 EET" name="testPost" finished-at="2023-08-14T12:43:39 EET" duration-ms="1771" status="PASS">
          <reporter-output>
          </reporter-output>
        </test-method> <!-- testPost -->
      </class> <!-- tests.GetAndPostExamples -->
    </test> <!-- Default test -->
  </suite> <!-- Default suite -->
</testng-results>
